[  00000 Initializing cgroup subsys cpuset
[    0.000000] Initializing cgroup subsys cpu
[    0.000000] Initializing cgroup subsys cpuacct
[    0.000000] Linux version 4.4.0-130-generic (buildd@lgw01-amd64-039) (gcc vrson 5.0201609(Ubuu .4.06untu16.4.9) #56-Unt SMPThJun  0:53: UC 20 (bunt4..0-13015-genri4.4.134
[   0.000] Cmmd ine:BO_IMAE=oot/vmluz4.4.13-genicrootUI=84ef2-007403-aa-b9b8e456 roonole=y1consol=tS0
    .0000]ERNEsuport cus:[   0.000]  ntl GeinInte
[   0.000]  MDAuthtiAMD    00000]  enaur nturHas
[  0.0000 x86fpu:egcy x FU detct.
[  0000000] x86/fpu: Using 'eager' FPU context switches.
[    0.000000] e820: BIOS-provided physical RAM map:
[    0.000000] BIOS-e820: [mem 0x0000000000000000-0x000000000009fbff] usable
[    0.000000] BIOS-e820: [mem 0x0000000900-0x00000000009ff] rered[   0.000000] BIOS-e820: [mem 0x00000000000f0000-0x00000000000fffff] reserved
[    0.000000] BIOS-e820: [mem 0x0000000000100000-0x000000003ffefff uable[   .00000BIS-e8: mem x000003ff000-0x000003fffffff] CPdata
  0.00000]IOS-e8: mem 000000fffc00-0x00000ffff] rervd
[  .00000NX(ExeutDisae)prottin: acte
[  0000] MBIO2. prent
[   .00000 e0: laspf =x3f0 max_arch_pfn = 0x400000000
[    0.000000] MTRR: Disabled
[    0.000000] x86/PAT: MTRRs disabled, skipping PAT initialization too.
[    0.000000] CPU MTRRs all blank - virtualized system.
[    0.000000] x86/PAT: Configuration [0-7]: WB  WT  UC- UC  WB  WT  UC- UC  
[    0.000000] found SMP MP-table at [mem 0x0009fff0-0x0009ffff] mapped at [ffff88000009fff0]
[    0.000000] Scanning 1 areas for low memory corruption
[    0.000000] RAMDISK: [mem 0x361ee000-0x370eefff]
[    0.000000] ACPI: Early table checksum verification disabled
[    0.000000] ACPI: RSDP 0x00000000000E0000 000024 (v02 VBOX  )
[    0.000000] ACPI: XSDT 0x000000003FFF0030 00003C (v01 VBOX   VBOXXSDT 00000001 ASL  0000001)
[    0.000000] ACPI: FACP 0x000000003FFF00F0 0000F4 (v04 VBOX   VBOXFACP 00000001 ASL  00000061)
[    0.000000] ACPI: DSDT 0x000000003FFF0470 001BF1 (v01 VBOX   VBOXBIOS 00000002 INTL 20100528)
[    0.000000] ACPI: FACS 0x000000003FFF0200 000040
[    0.000000] ACPI: FACS 0x000000003FFF0200 000040
[    0.000000] ACPI: APIC 0x000000003FFF0240 00005C (v02 VBOX   VBOXAPIC 00000001 ASL  00000061)
[    0.000000] ACPI: SSDT 0x000000003FFF02A0 0001CC (v01 VBOX   VBOXCPUT 00000002 INTL 20100528)
[    0.000000] No NUMA configuration found
[    0.000000] Faking a node at [mem 0x0000000000000000-0x000000003ffeffff]
[    0.000000] NODE_DATA(0) allocated [mem 0x3ffeb000-0x3ffeffff]
[    0.000000] Zone ranges:
[    0.000000]   DMA      [mem 0x0000000000001000-0x0000000000ffffff]
[    0.000000]   DMA32    [mem 0x0000000001000000-0x000000003ffeffff]
[    0.000000]   Normal   empty
[    0.000000]   Device   empty
[    0.000000] Movable zone start for each node
[    0.000000] Early memory node ranges
[    0.000000]   node   0: [mem 0x0000000000001000-0x000000000009efff]
[    0.000000]   node   0: [mem 0x0000000000100000-0x000000003ffeffff]
[    0.000000] Initmem setup node 0 [mem 0x0000000000001000-0x000000003ffeffff]
[    0.000000] ACPI: PM-Timer IO Port: 0x4008
[    0.000000] IOAPIC[0]: apic_id 2, version 17, address 0xfec00000, GSI 0-23
[    0.000000] ACPI: INT_SRC_OVR (bus 0 bus_irq 0 global_irq 2 dfl dfl)
[    0.000000] ACPI: INT_SRC_OVR (bus 0 bus_irq 9 global_irq 9 high level)
[    0.000000] Using ACPI (MADT) for SMP configuration information
[    0.000000] smpboot: Allowing 2 CPUs, 0 hotpug Cs
[   000000]PM Rgistednosaveemry: em0x00000-0x00fff][   0.000] P: gistednosae mory [mem 0009000x009fff
    0.000]PMRester nsaveemry:me0x00000-0x0efff][   0.0000 P: egisteednoave meor [me 0000000x00ffff]
[    .00000] 20 [me0x000000xfffff avalae orCIevices
[    0.000] Botg pavitualedkernl  barhadware    .000] clckouce: efed-jffs: mas 0xfffff maxyces: fffffff,max_idle_ns: 7645519600211568 ns
[    0.000000] setup_percpu: NR_CPUS:512 nr_cpumask_bits:512 nr_cpu_ids:2 nr_node_ids:1
[    0.000000] PERCPU: Embedded 34 pages/cpu @ffff88003fc00000 s99544 r8192 d31528 u1048576
[    0.000000]uilt1 nelis n oodeorr, mbity goung o  otal pes 2572
[   00000] liy zo: MA32[   .00000Kenel coma lne:OO_IMAE=bot/vmnu-4.4-10-geri rooUUD=84914-0077-40f3ab-b498ef406 ro onle=ty1onso=tyS0[   0.000] PD sh tab etrie: 96 (orde 3, 32768 bytes)
[    0.000000] Memory: 997188K/1048120K available (8546K kernel code, 1313K rwdata, 4000K rodata, 1516K init, 1316K bss, 50932K reserved, 0K cma-reserved)
[    0.000000] SLUB: HWalign=64, Order=0-3, MinObjects=0, CPUs=2, Nodes=1
[    0.000000] Kernel/User page tables isolation: enabled
[    0.000000] Hierarchical RCU implementation.
[    0.000000] 	Build-time adjustment of leaf fanout to 64.
[    0.000000] 	RCU restricting CPUs from NR_CPUS=512 to nr_cpu_ids=2.
[    0.000000] RCU: Adjusting geometry for rcu_fanout_leaf=64, nr_cpu_ids=2
[    0.000000] NR_IRQS:33024 nr_irqs:440 16
[    0.000000] Console: colour VGA+ 80x25
[    0.000000] console [tty1] enabled
[    0.000000] console [ttyS0] enabled
[   0.000000] tsc: Fast TSC calibration using PIT
[    0.000000] tsc: Detected 3392.881 MHz processor
[    0.008017] Calibrating delay loop (skipped), value calculated using timer frequency.. 6785.76 BogoMIPS (lpj=13571524)
[    0.017613] pid_max: default: 32768 minimum: 301
[    0.020017] ACPI: Core revision 20150930
[    0.024658] ACPI: 2 ACPI AML tables successfully acquired and loaded
[    0.032260] Security Framework initialized
[    0.036012] Yama: becoming mindful.
[    0.040029] AppArmor: AppArmor initialized
[    0.044086] Dentry cache hash table entries: 131072 (order: 8, 1048576 bytes)
[    0.048327] Inode-cache hash table entries: 65536 (order: 7, 524288 bytes)
[    0.052062] Mount-cache hash table entries: 2048 (order: 2, 16384 bytes)
[    0.052955] Mountpoint-cache hash table entries: 2048 (order: 2, 16384 bytes)
[    0.054094] Initializing cgroup subsys io
[    0.054707] Initializing cgroup subsys memory
[    0.055368] Initializing cgroup subsys devices
[    0.056009] Initializing cgroup subsys freezer
[    0.056655] Initializing cgroup subsys net_cls
[    0.057346] Initializing cgroup subsys perf_event
[    0.058017] Initializing cgroup subsys net_prio
[    0.058672] Initializing cgroup subsys hugetlb
[    0.060012] Initializing cgroup subsys pids
[    0.060689] CPU: Physical Processor ID: 0
[    0.061300] CPU: Processor Core ID: 0
[    0.061875] mce: CPU supports 0 MCE banks
[    0.062520] Last level iTLB entries: 4KB 1024, 2MB 1024, 4MB 1024
[    0.064007] Last level dTLB entries: 4KB 1024, 2MB 1024, 4MB 1024, 1GB 4
[    0.068008] Spectre V2 : Mitigation: Full generic retpoline
[    0.072007] Spectre V2 : Speculation control IBPB not-supported IBRS not-supported
[    0.072967] Speculative Store Bypass: Vulnerable
[    0.077701] Freeing SMP alternatives memory: 32K
[    0.089688] ftrace: allocating 32245 entries in 126 pages
[    0.108079] smpboot: APIC(0) Converting physical 0 to logical package 0
[    0.112013] smpboot: Max logical packages: 1
[    0.113702] ..TIMER: vector=0x30 apic1=0 pin1=2 apic2=-1 pin2=-1
[    0.160000] APIC calibration not consistent with PM-Timer: 98ms instead of 100ms
[    0.160000] APIC delta adjusted to PM-Timer: 6250094 (6183692)
[    0.160091] smpboot: CPU0: Intel(R) Core(TM) i7-4770 CPU @ 3.40GHz (family: 0x6, model: 0x3c, stepping: 0x3)
[    0.164830] Performance Events: unsupported p6 CPU model 60 no PMU driver, software events only.
[    0.166995] NMI watchdog: disabled (cpu0): hardware events not enabled
[    0.168005] NMI watchdog: Shutting down hard lockup detector on all cpus
[    0.168989] x86: Booting SMP configuration:
[    0.169632] .... node  #0, CPUs:      #1
[    0.012000] mce: CPU supports 0 MCE banks
[    0.172035] x86: Booted up 1 node, 2 CPUs
[    0.172800] smpboot: Total of 2 processors activated (13571.52 BogoMIPS)
[    0.173904] devtmpfs: initialized
[    0.177206] evm: security.selinux
[    0.180005] evm: security.SMACK64
[    0.180545] evm: security.SMACK64EXEC
[    0.180979] evm: security.SMACK64TRANSMUTE
[    0.182426] evm: security.SMACK64MMAP
[    0.183000] evm: security.ima
[    0.184005] evm: security.capability
[    0.184720] clocksource: jiffies: mask: 0xffffffff max_cycles: 0xffffffff, max_idle_ns: 7645041785100000 ns
[    0.186032] futex hash table entries: 512 (order: 3, 32768 bytes)
[    0.188935] pinctrl core: initialized pinctrl subsystem
[    0.189680] RTC time:  9:52:20, date: 07/17/18
[    0.192172] NET: Registered protocol family 16
[    0.208011] cpuidle: using governor ladder
[    0.220013] cpuidle: using governor menu
[    0.224026] PCCT header not found.
[    0.228083] ACPI: bus type PCI registered
[    0.232006] acpiphp: ACPI Hot Plug PCI Controller Driver version: 0.5
[    0.232955] PCI: Using configuration type 1 for base access
[    0.248246] ACPI: Added _OSI(Module Device)
[    0.252028] ACPI: Added _OSI(Processor Device)
[    0.256009] ACPI: Added _OSI(3.0 _SCP Extensions)
[    0.260009] ACPI: Added _OSI(Processor Aggregator Device)
[    0.264459] ACPI: Executed 1 blocks of module-level executable AML code
[    0.276083] ACPI: Interpreter enabled
[    0.276693] ACPI: (supports S0 S5)
[    0.277249] ACPI: Using IOAPIC for interrupt routing
[    0.280157] PCI: Using host bridge windows from ACPI; if necessary, use "pci=nocrs" and report a bug
[    0.283033] ACPI: PCI Root Bridge [PCI0] (domain 0000 [bus 00-ff])
[    0.284009] acpi PNP0A03:00: _OSC: OS supports [ASPM ClockPM Segments MSI]
[    0.288017] acpi PNP0A03:00: _OSC failed (AE_NOT_FOUND); disabling ASPM
[    0.292015] acpi PNP0A03:00: fail to add MMCONFIG information, can't access extended PCI configuration space under this bridge.
[    0.296252] PCI host bridge to bus 0000:00
[    0.296891] pci_bus 0000:00: root bus resource [io  0x0000-0x0cf7 window]
[    0.300011] pci_bus 0000:00: root bus resource [io  0x0d00-0xffff window]
[    0.304026] pci_bus 0000:00: root bus resource [mem 0x000a0000-0x000bffff window]
[    0.308011] pci_bus 0000:00: root bus resource [mem 0x40000000-0xffdfffff window]
[    0.312022] pci_bus 0000:00: root bus resource [bus 00-ff]
[    0.317543] pci 0000:00:01.1: legacy IDE quirk: reg 0x10: [io  0x01f0-0x01f7]
[    0.320008] pci 0000:00:01.1: legacy IDE quirk: reg 0x14: [io  0x03f6]
[    0.324010] pci 0000:00:01.1: legacy IDE quirk: reg 0x18: [io  0x0170-0x0177]
[    0.328010] pci 0000:00:01.1: legacy IDE quirk: reg 0x1c: [io  0x0376]
[    0.347376] ACPI: PCI Interrupt Link [LNKA] (IRQs 5 9 10 11) *0, disabled.
[    0.368442] ACPI: PCI Interrupt Link [LNKB] (IRQs 5 9 10 *11)
[    0.376307] ACPI: PCI Interrupt Link [LNKC] (IRQs 5 9 *10 11)
[    0.380705] ACPI: PCI Interrupt Link [LNKD] (IRQs 5 *9 10 11)
[    0.384772] ACPI: Enabled 2 GPEs in block 00 to 07
[    0.385730] vgaarb: setting as boot device: PCI:0000:00:02.0
[    0.388000] vgaarb: device added: PCI:0000:00:02.0,decodes=io+mem,owns=io+mem,locks=none
[    0.388008] vgaarb: loaded
[    0.388429] vgaarb: bridge control possible 0000:00:02.0
[    0.389387] SCSI subsystem initialized
[    0.390032] ACPI: bus type USB registered
[    0.392022] usbcore: registered new interface driver usbfs
[    0.396028] usbcore: registered new interface driver hub
[    0.396905] usbcore: registered new device driver usb
[    0.400996] PCI: Using ACPI for IRQ routing
[    0.401059] NetLabel: Initializing
[    0.401699] NetLabel:  domain hash size = 128
[    0.404009] NetLabel:  protocols = UNLABELED CIPSOv4
[    0.408024] NetLabel:  unlabeled traffic allowed by default
[    0.412297] amd_nb: Cannot enumerate AMD northbridges
[    0.416695] clocksource: Switched to clocksource refined-jiffies
[    0.426827] AppArmor: AppArmor Filesystem Enabled
[    0.428058] pnp: PnP ACPI init
[    0.429185] pnp: PnP ACPI: found 4 devices
[    0.443326] clocksource: acpi_pm: mask: 0xffffff max_cycles: 0xffffff, max_idle_ns: 2085701024 ns
[    0.444062] clocksource: Switched to clocksource acpi_pm
[    0.444844] NET: Registered protocol family 2
[    0.445584] TCP established hash table entries: 8192 (order: 4, 65536 bytes)
[    0.446582] TCP bind hash table entries: 8192 (order: 5, 131072 bytes)
[   5335TC: shabescoigedesablied19bi 82)[  1399]DPas tabe ntes51(oer2,63 bes
[    3.301827] UDP-Lite hash table entries: 512 (order: 2, 16384 bytes)
[   30277]ETReisreprtol amy 
[   4722]pci 00:0000:imindict PCI/PCI transfers
[    5.001899] pci 0000:00:01.0: Activating ISA DMA hang workarounds
[    5.002793] Unpacking initramfs...
[    5.175984] Freeing initrd memory: 15364K
[    5.245717] RAPL PMU detected, API unit is 2^-32 Joules, 4 fixed counters 10737418240 ms ovfl timer
[    5.284897] hw unit of domain pp0-core 2^-0 Joules
[    5.285828] hw unit of domain package 2^-0 Joules
[    5.309783] hw unit of domain dram 2^-0 Joules
[    5.340514] hw unit of domain pp1-gpu 2^-0 Joules
[    5.341257] platform rtc_cmos: registered platform RTC device (no PNP device found)
[    5.414496] Scanning for low memory corruption every 60 seconds
[    5.415618] audit: initializing netlink subsys (disabled)
[    5.520400] audit: type=2000 audit(1531821135.519:1): initialized
[    5.682162] Initialise system trusted keyring
[    5.716124] HugeTLB registered 2 MB page size, pre-allocated 0 pages
[    5.719076] zbud: loaded
[    5.719861] VFS: Disk quotas dquot_6.6.0
[    5.784361] VFS: Dquot-cache hash table entries: 512 (order 0, 4096 bytes)
[    5.785528] squashfs: version 4.0 (2009/01/31) Phillip Lougher
[   .771 fe itAPvesion.2)
[    6.611524] tsc: Refined TSC clocksource calibration: 3392.863 MHz
[    6.612417] clocksource: tsc: mask: 0xffffffffffffffff max_cycles: 0x30e7f8772b3, max_idle_ns: 440795211149 ns
[    6.612631] Key type big_key registered
[    6.612654] Allocating IMA MOK and blacklist keyrings.
[    6.613294] Key type asymmetric registered
[    6.613298] Asymmetric key parser 'x509' registered
[    6.613326] Block layer SCSI generic (bsg) driver version 0.4 loaded (major 249)
[    6.613373] io scheduler noop registered
[    6.613376] io scheduler deadline registered (default)
[    6.613399] io scheduler cfq registered
[    6.613472] pci_hotplug: PCI Hot Plug PCI Core version: 0.5
[    6.613477] pciehp: PCI Express Hot Plug Controller Driver version: 0.4
[    6.613584] ACPI: AC Adapter [AC] (on-line)
[    6.613626] input: Power Button as /devices/LNXSYSTM:00/LNXPWRBN:00/input/input0
[    6.613629] ACPI: Power Button [PWRF]
[    6.613680] input: Sleep Button as /devices/LNXSYSTM:00/LNXSLPBN:00/input/input1
[    6.613682] ACPI: Sleep Button [SLPF]
[    6.613819] GHES: HEST is not enabled!
[    6.613893] Serial: 8250/16550 driver, 32 ports, IRQ sharing enabled
[    6.635705] 00:03: ttyS0 at I/O 0x3f8 (irq = 4, base_baud = 115200) is a 16550A
[    6.649235] Linux agpgart interface v0.103
[    6.652319] loop: module loaded
[    6.652869] scsi host0: ata_piix
[    6.652964] scsi host1: ata_piix
[    6.652991] ata1: PATA max UDMA/33 cmd 0x1f0 ctl 0x3f6 bmdma 0xd000 irq 14
[    6.652993] ata2: PATA max UDMA/33 cmd 0x170 ctl 0x376 bmdma 0xd008 irq 15
[    6.653051] libphy: Fixed MDIO Bus: probed
[    6.653053] tun: Universal TUN/TAP device driver, 1.6
[    6.653055] tun: (C) 1999-2004 Max Krasnyansky <maxk@qualcomm.com>
[    6.653336] PPP generic driver version 2.4.2
[    6.653393] ehci_hcd: USB 2.0 'Enhanced' Host Controller (EHCI) Driver
[    6.653396] ehci-pci: EHCI PCI platform driver
[    6.653403] ehci-platform: EHCI generic platform driver
[    6.653409] ohci_hcd: USB 1.1 'Open' Host Controller (OHCI) Driver
[    6.653412] ohci-pci: OHCI PCI platform driver
[    6.653419] ohci-platform: OHCI generic platform driver
[    6.653424] uhci_hcd: USB Universal Host Controller Interface driver
[    6.653460] i8042: PNP: PS/2 Controller [PNP0303:PS2K,PNP0f03:PS2M] at 0x60,0x64 irq 1,12
[    6.694464] serio: i8042 KBD port at 0x60,0x64 irq 1
[    6.694471] serio: i8042 AUX port at 0x60,0x64 irq 12
[    6.694546] mousedev: PS/2 mouse device common for all mice
[    6.695079] rtc_cmos rtc_cmos: rtc core: registered rtc_cmos as rtc0
[    6.695134] rtc_cmos rtc_cmos: alarms up to one day, 114 bytes nvram
[    6.695141] i2c /dev entries driver
[    6.695180] device-mapper: uevent: version 1.0.3
[    6.695248] device-mapper: ioctl: 4.34.0-ioctl (2015-10-28) initialised: dm-devel@redhat.com
[    6.695263] ledtrig-cpu: registered to indicate activity on CPUs
[    6.695654] NET: Registered protocol family 10
[    6.695836] NET: Registered protocol family 17
[    6.695846] Key type dns_resolver registered
[    6.698018] microcode: CPU0 sig=0x306c3, pf=0x2, revision=0x19
[    6.764523] microcode: CPU1 sig=0x306c3, pf=0x2, revision=0x19
[    6.764692] microcode: Microcode Update Driver: v2.01 <tigran@aivazian.fsnet.co.uk>, Peter Oruba
[    6.764799] registered taskstats version 1
[    6.764815] Loading compiled-in X.509 certificates
[    6.765403] Loaded X.509 cert 'Build time autogenerated kernel key: b3e0fe4bcd6378c38a2c0a4648abbc1fa5043a22'
[    6.765424] zswap: loaded using pool lzo/zbud
[    6.766942] Key type trusted registered
[    6.769438] Key type encrypted registered
[    6.769444] AppArmor: AppArmor sha1 policy hashing enabled
[    6.769448] ima: No TPM chip found, activating TPM-bypass!
[    6.769453] ima: Allocated hash algorithm: sha1
[    6.769463] evm: HMAC attrs: 0x1
[    6.769694]   Magic number: 10:575:879
[    6.772893] rtc_cmos rtc_cmos: setting system clock to 2018-07-17 09:52:29 UTC (1531821149)
[    6.773095] BIOS EDD facility v0.16 2004-Jun-25, 0 devices found
[    6.773097] EDD information not available.
[    6.834200] input: AT Translated Set 2 keyboard as /devices/platform/i8042/serio0/input/input2
[    7.728001] Freeing unused kernel memory: 1516K
[    7.816124] Write protecting the kernel read-only data: 14336k
[    7.912405] Freeing unused kernel memory: 1680K
[    7.913417] Freeing unused kernel memory: 96K
Loading, please wait...
starting version[    7.927213] random: systemd-udevd: uninitialized urandom read (16 bytes read, 4 bits of entropy available)
 229
[    7.927763] random: udevadm: uninitialized urandom read (16 bytes read, 4 bits of entropy available)
[    7.927783] random: udevadm: uninitialized urandom read (16 bytes read, 4 bits of entropy available)
[    7.938750] random: udevadm: uninitialized urandom read (16 bytes read, 4 bits of entropy available)
[    7.938789] random: udevadm: uninitialized urandom read (16 bytes read, 4 bits of entropy available)
[    7.938918] random: udevadm: uninitialized urandom read (16 bytes read, 4 bits of entropy available)
[    7.938970] random: udevadm: uninitialized urandom read (16 bytes read, 4 bits of entropy available)
[    7.939040] random: udevadm: uninitialized urandom read (16 bytes read, 4 bits of entropy available)
[    7.939089] random: udevadm: uninitialized urandom read (16 bytes read, 4 bits of entropy available)
[    7.939140] random: udevadm: uninitialized urandom read (16 bytes read, 4 bits of entropy available)
[    8.095663] e1000: Intel(R) PRO/1000 Network Driver - version 7.3.21-k8-NAPI
[    8.095669] Fusion MPT base driver 3.04.20
[    8.095671] Copyright (c) 1999-2008 LSI Corporation
[    8.103291] e1000: Copyright (c) 1999-2006 Intel Corporation.
[    8.111541] Fusion MPT SPI Host driver 3.04.20
[    8.390859] input: ImExPS/2 Generic Explorer Mouse as /devices/platform/i8042/serio1/input/input5
[    8.523159] e1000 0000:00:03.0 eth0: (PCI:33MHz:32-bit) 02:40:c1:fa:9b:f5
[    8.675921] e1000 0000:00:03.0 eth0: Intel(R) PRO/1000 Network Connection
[    8.848588] clocksource: Switched to clocksource tsc
[    8.849187] e1000 0000:00:03.0 enp0s3: renamed from eth0
[    8.849332] mptbase: ioc0: Initiating bringup
[    8.912192] ioc0: LSI53C1030 A0: Capabilities={Initiator}
[    9.078503] scsi host2: ioc0: LSI53C1030 A0, FwRev=00000000h, Ports=1, MaxQ=256, IRQ=20
[    9.441550] scsi 2:0:0:0: Direct-Access     VBOX     HARDDISK         1.0  PQ: 0 ANSI: 5
[    9.462020] scsi target2:0:0: Beginning Domain Validation
[    9.469092] scsi target2:0:0: Domain Validation skipping write tests
[    9.474269] scsi target2:0:0: Ending Domain Validation
[    9.475144] scsi target2:0:0: asynchronous
[    9.476687] scsi 2:0:1:0: Direct-Access     VBOX     HARDDISK         1.0  PQ: 0 ANSI: 5
[    9.491701] scsi target2:0:1: Beginning Domain Validation
[    9.494515] scsi target2:0:1: Domain Validation skipping write tests
[    9.496433] scsi target2:0:1: Ending Domain Validation
[    9.497264] scsi target2:0:1: asynchronous
[    9.505179] sd 2:0:0:0: Attached scsi generic sg0 type 0
[    9.505501] sd 2:0:0:0: [sda] 20971520 512-byte logical blocks: (10.7 GB/10.0 GiB)
[    9.505626] sd 2:0:0:0: [sda] Write Protect is off
[    9.505707] sd 2:0:0:0: [sda] Incomplete mode parameter data
[    9.505709] sd 2:0:0:0: [sda] Assuming drive cache: write through
[    9.616440]  sda: sda1
[    9.617585] sd 2:0:0:0: [sda] Attached SCSI disk
[    9.635145] sd 2:0:1:0: Attached scsi generic sg1 type 0
[    9.635424] sd 2:0:1:0: [sdb] 20480 512-byte logical blocks: (10.5 MB/10.0 MiB)
[    9.635590] sd 2:0:1:0: [sdb] Write Protect is off
[    9.635692] sd 2:0:1:0: [sdb] Incomplete mode parameter data
[    9.635695] sd 2:0:1:0: [sdb] Assuming drive cache: write through
[    9.718702] sd 2:0:1:0: [sdb] Attached SCSI disk
Begin: Loading e[   11.364611] md: linear personality registered for level -1
ssential drivers[   11.505115] md: multipath personality registered for level -4
 ... [   11.532311] md: raid0 personality registered for level 0
[   11.545790] md: raid1 personality registered for level 1
[   11.616050] raid6: sse2x1   gen() 11127 MB/s
[   11.720029] raid6: sse2x1   xor()  8604 MB/s
[   11.820029] raid6: sse2x2   gen() 14024 MB/s
[   11.924037] raid6: sse2x2   xor()  9204 MB/s
[   12.008046] raid6: sse2x4   gen() 15766 MB/s
[   12.092076] raid6: sse2x4   xor() 11350 MB/s
[   12.128554] raid6: using algorithm sse2x4 gen() 15766 MB/s
[   12.172480] raid6: .... xor() 11350 MB/s, rmw enabled
[   12.173266] raid6: using ssse3x2 recovery algorithm
[   12.178954] xor: measuring software checksum speed
[   12.220051]    prefetch64-sse: 23229.000 MB/sec
[   12.264084]    generic_sse: 21734.000 MB/sec
[   12.369118] xor: using function: prefetch64-sse (23229.000 MB/sec)
[   12.462991] async_tx: api initialized (async)
[   12.496102] md: raid6 personality registered for level 6
[   12.497930] md: raid5 personality registered for level 5
[   12.498660] md: raid4 personality registered for level 4
[   12.504323] md: raid10 personality registered for level 10
done.
Begin: Running /scripts/init-premount ... done.
Begin: Mounting root file system ... Begin: Running /scripts/local-top ... done.
Beg[   12.531890] Btrfs loaded
in: Running /scripts/local-premount ... Scanning for Btrfs filesystems
done.
Warning: fsck no[   12.911450] EXT4-fs (sda1): INFO: recovery required on readonly filesystem
t present, so skipping root file system
[   12.982089] EXT4-fs (sda1): write access will be enabled during recovery
[   13.394452] EXT4-fs (sda1): orphan cleanup on readonly fs
[   13.493596] EXT4-fs (sda1): 1 orphan inode deleted
[   13.516626] EXT4-fs (sda1): recovery complete
[   13.520856] random: nonblocking pool is initialized
[   13.562405] EXT4-fs (sda1): mounted filesystem with ordered data mode. Opts: (null)
done.
Begin: Running /scripts/local-bottom ... done.
Begin: Running /scripts/init-bottom ... done.
[   18.801099] systemd[1]: systemd 229 running in system mode. (+PAM +AUDIT +SELINUX +IMA +APPARMOR +SMACK +SYSVINIT +UTMP +LIBCRYPTSETUP +GCRYPT +GNUTLS +ACL +XZ -LZ4 +SECCOMP +BLKID +ELFUTILS +KMOD -IDN)
[   18.822323] systemd[1]: Detected virtualization oracle.
[   18.824762] systemd[1]: Detected architecture x86-64.

Welcome to [1mUbuntu 16.04.4 LTS[0m!

[   .029 sstemd[1]: Set hostname to <ubuntu-xenial>.
[   22.699524] systemd[1]: Listening on Journal Socket (/dev/log).
[[0;32m  OK  [0m] Listening on Journal Socket (/dev/log).
[   22.815955] systemd[1]: Listening on Device-mapper event daemon FIFOs.
[[0;32m  OK  [0m] Listening on Device-mapper event daemon FIFOs.
[   22.842307] systemd[1]: Listening on Journal Audit Socket.
[[0;32m  OK  [0m] Listening on Journal Audit Socket.
[   22.868534] systemd[1]: Listening on udev Control Socket.
[[0;32m  OK  [0m] Listening on udev Control Socket.
[   22.876516] systemd[1]: Reached target Swap.
[[0;32m  OK  [0m] Reached target Swap.
[   22.881868] systemd[1]: Set up automount Arbitrary Executable File Formats File System Automount Point.
[[0;32m  OK  [0m] Set up automount Arbitrary Executab...ats File System Automount Point.
[   22.962102] systemd[1]: Created slice System Slice.
[[0;32m  OK  [0m] Created slice System Slice.
[   23.040530] systemd[1]: Listening on Syslog Socket.
[[0;32m  OK  [0m] Listening on Syslog Socket.
[   23.041917] systemd[1]: Reached target User and Group Name Lookups.
[[0;32m  OK  [0m] Reached target User and Group Name Lookups.
[   23.043703] systemd[1]: Reached target Encrypted Volumes.
[[0;32m  OK  [0m] Reached target Encrypted Volumes.
[   23.090060] systemd[1]: Listening on LVM2 poll daemon socket.
[[0;32m  OK  [0m] Listening on LVM2 poll daemon socket.
[   23.219537] systemd[1]: Created slice User and Session Slice.
[[0;32m  OK  [0m] Created slice User and Session Slice.
[   23.247336] systemd[1]: Reached target Slices.
[[0;32m  OK  [0m] Reached target Slices.
[   23.280998] systemd[1]: Listening on LVM2 metadata daemon socket.
[[0;32m  OK  [0m] Listening on LVM2 metadata daemon socket.
[   23.404590] systemd[1]: Listening on udev Kernel Socket.
[[0;32m  OK  [0m] Listening on udev Kernel Socket.
[   23.406442] systemd[1]: Created slice system-serial\x2dgetty.slice.
[[0;32m  OK  [0m] Created slice system-serial\x2dgetty.slice.
[   23.408430] systemd[1]: Started Forward Password Requests to Wall Directory Watch.
[[0;32m  OK  [0m] Started Forward Password Requests to Wall Directory Watch.
[   23.410519] systemd[1]: Reached target System Time Synchronized.
[[0;32m  OK  [0m] Reached target System Time Synchronized.
[   23.412152] systemd[1]: Listening on /dev/initctl Compatibility Named Pipe.
[[0;32m  OK  [0m] Listening on /dev/initctl Compatibility Named Pipe.
[   23.417612] systemd[1]: Started Trigger resolvconf update for networkd DNS.
[[0;32m  OK  [0m] Started Trigger resolvconf update for networkd DNS.
[   23.419540] systemd[1]: Listening on Journal Socket.
[[0;32m  OK  [0m] Listening on Journal Socket.
[   23.436122] systemd[1]: Mounting POSIX Message Queue File System...
         Mounting POSIX Message Queue File System...
[   23.439494] systemd[1]: Starting Create list of required static device nodes for the current kernel...
         Starting Create list of required st... nodes for the current kernel...
[   23.817183] systemd[1]: Starting Load Kernel Modules...
         Starting Load Kernel Modules...
[   23.912773] systemd[1]: Starting Journal Service...
         Starting Journal Service...
[   24.020386] systemd[1]: Mounting Debug File System...
         Mountin[   24.107545] Loading iSCSI transport class v2.0-870.
g Debug File System...
[   24.133230] systemd[1]: Starting Uncomplicated firewall...
         Starting Uncomplicated firewall...
[   24.200173] systemd[1]: Starting Set console keymap...
         Starting Set console keymap...
[   24.233578] systemd[1]: Mounting Huge Pages File System...
         Mounting Huge Pages File System...
[   24.235755] systemd[1]: Starting Remount Root and Kernel File Systems...
         Starting Remount Root and Kernel File Systems...
[   24.238153] systemd[1]: Starting Nameserver information manager...
         Starting Nameserver information manager...
[   24.246615] systemd[1]: Starting Monitoring of LVM2 mirrors, snapshots etc. using dmeventd or progress polling...
         Starting Monitoring of LVM2 mirrors... dmeventd or progress polling...
[   24.308967] systemd[1]: Mounted Debug File System.
[[0;32m  OK  [0m] Mounted Debug File System.
[   24.360521] systemd[1]: Mounted POSIX Message Queue File System.
[[0;32m  OK  [0m] Mounted POSIX Message Queue File System.
[   24.419311] systemd[1]: Mounted Huge Pages File System.
[[0;32m  OK  [0m] Mounted Huge Pages File System.
[   24.435507] systemd[1]: Started Create list of required static device nodes for the current kernel.
[[0;32m  OK  [0m] Started Create list of required sta...ce nodes for the current kernel.
[   24.471170] systemd[1]: Starting Create Static Device Nodes in /dev...
[   24.575396] iscsi: registered transport (tcp)
         Starting Create Static Device Nodes in /dev...
[   24.662493] EXT4-fs (sda1): re-mounted. Opts: (null)
[   24.764405] systemd[1]: Started Nameserver information manager.
[[0;32m  OK  [0m] Started Nameserver information manager.
[   24.809064] systemd[1]: Started Uncomplicated firewall.
[[0;32m  OK  [0m] Started Uncomplicated firewall.
[   24.810878] systemd[1]: Started Remount Root and Kernel File Systems.
[[0;32m  OK  [0m] Started Remount Root and Kernel File Systems.
[   24.957110] systemd[1]: Starting udev Coldplug all Devices...
         Starting udev Coldplug all Devices...
[   25.141629] systemd[1]: Starting Load/Save Random Seed...
         Starting Load/Save Random Seed...
[   25.356790] systemd[1]: Started Load/Save Random Seed.
[[0;32m  OK  [0m] Started Load/Save Random Seed.
[   25.371023] systemd[1]: Started Journal Service.
[[0;32m  OK  [0m] Started Journal Service.
[[0;32m  OK  [0m] Started Set console keymap.
[[0;32m  OK  [0m] Started udev Coldplug all Devices.
[[0;32m  OK  [0m] Started LVM2 metadata daemon[   25.506608] iscsi: registered transport (iser)
.
         Starting Flush Journal to Persistent Storage...
[[0;32m  OK  [0m] Started Load Kernel Modules.
         Starting Apply Kernel Variables...
         Mounting FUSE Control File System...
[[0;32m  OK  [0m] Mounted FUSE Control File System.
[[0;32m  OK  [0m] Started Create Static Device Nodes in /dev.
[   25.964217] systemd-journald[365]: Received request to flush runtime journal from PID 1
         Starting udev Kernel Device Manager...
[[0;32m  OK  [0m] Started Flush Journal to Persistent Storage.
[[0;32m  OK  [0m] Started Apply Kernel Variables.
[[0;32m  OK  [0m] Started Monitoring of LVM2 mirrors,...ng dmeventd or progress polling.
[[0;32m  OK  [0m] Started udev Kernel Device Manager.
[[0;32m  OK  [0m] Reached target Local File Systems (Pre).
[[0;32m  OK  [0m] Reached target Local File Systems.
         Starting Tell Plymouth To Write Out Runtime Data...
         Starting Initial cloud-init job (pre-networking)...
         Starting Set console font and keymap...
         Starting LSB: AppArmor initialization...
         Starting Create Volatile Files and Directories...
[[0;32m  OK  [0m] Started Dispatch Password Requests to Console Directory Watch.
[[0;32m  OK  [0m] Started Tell Plymouth To Write Out Runtime Data.
[[0;32m  OK  [0m] Found device /dev/ttyS0.
[[0;32m  OK  [0m] Listening on Load/Save RF Kill Switch Status /dev/rfkill Watch.
[[0;32m  OK  [0m] Started Create Volatile Files and Directories.
         Starting Update UTMP about System Boot/Shutdown...
[[0;32m  OK  [0m] Found device 82540EM Gigabit Ethern...r (PRO/1000 MT Desktop Adapter).
[[0;32m  OK  [0m] Started Set console font and keymap.
[[0;32m  OK  [0m] Created slice system-getty.slice.
[[0;32m  OK  [0m] Started Update UTMP about System Boot/Shutdown.
[[0;32m  OK  [0m] Started LSB: AppArmor initialization.
[   53.916268] cloud-init[471]: Cloud-init v. 18.2 running 'init-local' at Tue, 17 Jul 2018 09:53:13 +0000. Up 51.14 seconds.
[[0;32m  OK  [0m] Started Initial cloud-init job (pre-networking).
[[0;32m  OK  [0m] Reached target Network (Pre).
         Starting Raise network interfaces...
[[0;32m  OK  [0m] Started ifup for enp0s3.
[[0;32m  OK  [0m] Started Raise network interfaces.
         Starting Initial cloud-init job (metadata service crawler)...
[[0;32m  OK  [0m] Reached target Network.
[   63.851985] cloud-init[979]: Cloud-init v. 18.2 running 'init' at Tue, 17 Jul 2018 09:53:19 +0000. Up 56.35 seconds.
[   63.890839] cloud-init[979]: ci-info: +++++++++++++++++++++++++++++++++++++Net device info++++++++++++++++++++++++++++++++++++++
[   63.934243] cloud-init[979]: ci-info: +--------+------+----------------------------+---------------+-------+-------------------+
[   63.934457] cloud-init[979]: ci-info: | Device |  Up  |          Address           |      Mask     | Scope |     Hw-Address    |
[[0;32m  OK  [0m] Started Initial cloud-init job (metadata service crawler).
[   63.934725] cloud-init[979]: ci-info: +--------+------+----------------------------+---------------+-------+-------------------+
[   64.041100] cloud-init[979]: ci-info: | enp0s3 | True |         10.0.2.15          | 255.255.255.0 |   .   | 02:40:c1:fa:9b:f5 |
[   64.041369] cloud-init[979]: ci-info: | enp0s3 | True | fe80::40:c1ff:fefa:9bf5/64 |       .       |  link | 02:40:c1:fa:9b:f5 |
[[0;32m  OK  [0m] Reached target Cloud-config availability.
[   64.041468] cloud-init[979]: ci-info: |   lo   | True |         127.0.0.1          |   255.0.0.0   |   .   |         .         |
[[0;32m  OK  [0m] Reached target Network is Online.
[   64.077908] cloud-init[979]: ci-info: |   lo   | True |          ::1/128           |       .       |  host |         .         |
[   64.151438] cloud-init[979]: ci-info: +--------+------+----------------------------+---------------+-------+-------------------+
[   64.151731] cloud-init[979]: ci-info: +++++++++++++++++++++++++++Route IPv4 info++++++++++++++++++++++++++++
         Starting iSCSI initiator daemon (iscsid)...
[   64.151855] cloud-init[979]: ci-info: +-------+-------------+----------+---------------+-----------+-------+
[   64.206151] cloud-init[979]: ci-info: | Route | Destination | Gateway  |    Genmask    | Interface | Flags |
[[0;32m  OK  [0m] Reached target System Initialization.
[   64.206234] cloud-init[979]: ci-info: +-------+-------------+----------+---------------+-----------+-------+
[   64.238422] cloud-init[979]: ci-info: |   0   |   0.0.0.0   | 10.0.2.2 |    0.0.0.0    |   enp0s3  |   UG  |
[[0;32m  OK  [0m] Listening on UUID daemon activation socket.
[   64.238489] cloud-init[979]: ci-info: |   1   |   10.0.2.0  | 0.0.0.0  | 255.255.255.0 |   enp0s3  |   U   |
[   64.300309] cloud-init[979]: ci-info: +-------+-------------+----------+---------------+-----------+-------+
         Starting LXD - unix socket.
[[0;32m  OK  [0m] Started Daily Cleanup of Temporary Directories.
[[0;32m  OK  [0m] Started Daily apt download activities.
[[0;32m  OK  [0m] Listening on ACPID Listen Socket.
[[0;32m  OK  [0m] Started ACPI Events Check.
[[0;32m  OK  [0m] Reached target Paths.
[[0;32m  OK  [0m] Started Daily apt upgrade and clean activities.
[[0;32m  OK  [0m] Reached target Timers.
[[0;32m  OK  [0m] Listening on D-Bus System Message Bus Socket.
         Starting Socket activation for snappy daemon.
[[0;32m  OK  [0m] Listening on LXD - unix socket.
[[0;32m  OK  [0m] Listening on Socket activation for snappy daemon.
[[0;32m  OK  [0m] Reached target Sockets.
[[0;32m  OK  [0m] Reached target Basic System.
         Starting LXD - container startup/shutdown...
         Starting Accounts Service...
         Starting /etc/rc.local Compatibility...
[[0;32m  OK  [0m] Started ACPI event daemon.
[[0;32m  OK  [0m] Started Deferred execution scheduler.
         Starting System Logging Service...
         Starting LSB: Record successful boot for GRUB...
[[0;32m  OK  [0m] Started FUSE filesystem for LXC.
         Starting OpenBSD Secure Shell server...
         Starting Login Service...
         Starting LSB: MD monitoring daemon...
         Starting Virtualbox guest utils...
         Starting Apply the settings specified in cloud-config...
         Starting Snappy daemon...
[[0;32m  OK  [0m] Started Unattended Upgrades Shutdown.
[[0;32m  OK  [0m] Started D-Bus System Message Bus.
[   66.796840] cloud-init[1072]: Cloud-init v. 18.2 running 'modules:config' at Tue, 17 Jul 2018 09:53:28 +0000. Up 65.67 seconds.
[[0;32m  OK  [0m] Started Regular background program processing daemon.
[[0;32m  OK  [0m] Started System Logging Service.
[[0;32m  OK  [0m] Started OpenBSD Secure Shell server.
[[0;32m  OK  [0m] Started iSCSI initiator daemon (iscsid).
[[0;32m  OK  [0m] Started /etc/rc.local Compatibility.
[[0;32m  OK  [0m] Started Apply the settings specified in cloud-config.
         Starting Login to default iSCSI targets...
[[0;32m  OK  [0m] Started Login Service.
[[0;32m  OK  [0m] Started LSB: Record successful boot for GRUB.
         Starting Authenticate and Authorize Users to Run Privileged Tasks...
[[0;32m  OK  [0m] Started LSB: MD monitoring daemon.
[[0;32m  OK  [0m] Started Login to default iSCSI targets.
[[0;32m  OK  [0m] Reached target Remote File Systems (Pre).
[[0;32m  OK  [0m] Reached target Remote File Systems.
         Starting LSB: daemon to balance interrupts for SMP systems...
         Starting LSB: Set the CPU Frequency Scaling governor to "ondemand"...
         Starting Permit User Sessions...
         Starting LSB: automatic crash report generation...
[[0;32m  OK  [0m] Started LSB: Set the CPU Frequency Scaling governor to "ondemand".
[[0;32m  OK  [0m] Started Permit User Sessions.
         Starting Terminate Plymouth Boot Screen...
         Starting Hold until boot process finishes up...
[[0;32m  OK  [0m] Started Terminate Plymouth Boot Screen.
[[0;32m  OK  [0m] Started Hold until boot process finishes up.
[[0;32m  OK  [0m] Started Getty on tty1.
         Starting Set console scheme...
[[0;32m  OK  [0m] Started Serial Getty on ttyS0.
[[0;32m  OK  [0m] Reached target Login Prompts.
[[0;32m  OK  [0m] Started LSB: daemon to balance interrupts for SMP systems.
[[0;32m  OK  [0m] Started Set console scheme.
[[0;32m  OK  [0m] Started LSB: automatic crash report generation.
[[0;32m  OK  [0m] Started Authenticate and Authorize Users to Run Privileged Tasks.
[[0;32m  OK  [0m] Started Accounts Service.
[[0;32m  OK  [0m] Started Virtualbox guest utils.
[[0;32m  OK  [0m] Started LXD - container startup/shutdown.
[[0;32m  OK  [0m] Started Snappy daemon.
         Starting Wait until snapd is fully seeded...
[[0;32m  OK  [0m] Started Wait until snapd is fully seeded.
[[0;32m  OK  [0m] Reached target Multi-User System.
         Starting Execute cloud user/final scripts...
[[0;32m  OK  [0m] Reached target Graphical Interface.
         Starting Update UTMP about System Runlevel Changes...
[[0;32m  OK  [0m] Started Update UTMP about System Runlevel Changes.
[   71.619248] cloud-init[1215]: Cloud-init v. 18.2 running 'modules:final' at Tue, 17 Jul 2018 09:53:34 +0000. Up 71.37 seconds.
[   71.700383] cloud-init[1215]: Cloud-init v. 18.2 finished at Tue, 17 Jul 2018 09:53:34 +0000. Datasource DataSourceNoCloud [seed=/dev/sdb][dsmode=net].  Up 71.61 seconds
[[0;32m  OK  [0m] Started Execute cloud user/final scripts.
[[0;32m  OK  [0m] Reached target Cloud-init target.

Ubuntu 16.04.4 LTS ubuntu-xenial ttyS0

ubuntu-xenial login: 